2020/07/06 05:30:13 [emerg] 1#1: "upstream" directive is not allowed here in /etc/nginx/nginx.conf:1
2020/07/06 05:30:13 [emerg] 1#1: "upstream" directive is not allowed here in /etc/nginx/nginx.conf:1
2020/07/06 05:30:14 [emerg] 1#1: "upstream" directive is not allowed here in /etc/nginx/nginx.conf:1
2020/07/06 05:30:15 [emerg] 1#1: "upstream" directive is not allowed here in /etc/nginx/nginx.conf:1
2020/07/06 05:30:16 [emerg] 1#1: "upstream" directive is not allowed here in /etc/nginx/nginx.conf:1
2020/07/06 05:30:18 [emerg] 1#1: "upstream" directive is not allowed here in /etc/nginx/nginx.conf:1
2020/07/06 05:30:22 [emerg] 1#1: "upstream" directive is not allowed here in /etc/nginx/nginx.conf:1
2020/07/06 05:30:29 [emerg] 1#1: "upstream" directive is not allowed here in /etc/nginx/nginx.conf:1
2020/07/06 05:30:42 [emerg] 1#1: "upstream" directive is not allowed here in /etc/nginx/nginx.conf:1
2020/07/06 05:31:15 [emerg] 1#1: "upstream" directive is not allowed here in /etc/nginx/nginx.conf:1
2020/07/06 05:31:16 [emerg] 1#1: "upstream" directive is not allowed here in /etc/nginx/nginx.conf:1
2020/07/06 05:31:16 [emerg] 1#1: "upstream" directive is not allowed here in /etc/nginx/nginx.conf:1
2020/07/06 05:31:17 [emerg] 1#1: "upstream" directive is not allowed here in /etc/nginx/nginx.conf:1
2020/07/06 05:31:18 [emerg] 1#1: "upstream" directive is not allowed here in /etc/nginx/nginx.conf:1
2020/07/06 05:31:21 [emerg] 1#1: "upstream" directive is not allowed here in /etc/nginx/nginx.conf:1
2020/07/06 05:31:24 [emerg] 1#1: "upstream" directive is not allowed here in /etc/nginx/nginx.conf:1
2020/07/06 05:31:31 [emerg] 1#1: "upstream" directive is not allowed here in /etc/nginx/nginx.conf:1
2020/07/06 05:31:44 [emerg] 1#1: "upstream" directive is not allowed here in /etc/nginx/nginx.conf:1
2020/07/06 05:32:10 [emerg] 1#1: "upstream" directive is not allowed here in /etc/nginx/nginx.conf:1
2020/07/06 05:33:02 [emerg] 1#1: "server" directive is not allowed here in /etc/nginx/nginx.conf:1
2020/07/06 05:34:02 [emerg] 1#1: "server" directive is not allowed here in /etc/nginx/nginx.conf:1
2020/07/06 05:35:03 [emerg] 1#1: "server" directive is not allowed here in /etc/nginx/nginx.conf:1
2020/07/06 05:35:21 [emerg] 1#1: "server" directive is not allowed here in /etc/nginx/nginx.conf:1
2020/07/06 05:35:21 [emerg] 1#1: "server" directive is not allowed here in /etc/nginx/nginx.conf:1
2020/07/06 05:35:22 [emerg] 1#1: "server" directive is not allowed here in /etc/nginx/nginx.conf:1
2020/07/06 05:35:23 [emerg] 1#1: "server" directive is not allowed here in /etc/nginx/nginx.conf:1
2020/07/06 05:35:24 [emerg] 1#1: "server" directive is not allowed here in /etc/nginx/nginx.conf:1
2020/07/06 05:35:26 [emerg] 1#1: "server" directive is not allowed here in /etc/nginx/nginx.conf:1
2020/07/06 05:35:30 [emerg] 1#1: "server" directive is not allowed here in /etc/nginx/nginx.conf:1
2020/07/06 05:35:37 [emerg] 1#1: "server" directive is not allowed here in /etc/nginx/nginx.conf:1
2020/07/06 05:35:50 [emerg] 1#1: "server" directive is not allowed here in /etc/nginx/nginx.conf:1
2020/07/06 05:36:16 [emerg] 1#1: cannot load certificate "/etc/ssl/nginx/jellyfin.mywebsite.com/cert1.pem": BIO_new_file() failed (SSL: error:02001002:system library:fopen:No such file or directory:fopen('/etc/ssl/nginx/jellyfin.mywebsite.com/cert1.pem','r') error:2006D080:BIO routines:BIO_new_file:no such file)
2020/07/06 05:36:19 [emerg] 1#1: cannot load certificate "/etc/ssl/nginx/jellyfin.mywebsite.com/cert1.pem": BIO_new_file() failed (SSL: error:02001002:system library:fopen:No such file or directory:fopen('/etc/ssl/nginx/jellyfin.mywebsite.com/cert1.pem','r') error:2006D080:BIO routines:BIO_new_file:no such file)
2020/07/06 05:36:19 [emerg] 1#1: cannot load certificate "/etc/ssl/nginx/jellyfin.mywebsite.com/cert1.pem": BIO_new_file() failed (SSL: error:02001002:system library:fopen:No such file or directory:fopen('/etc/ssl/nginx/jellyfin.mywebsite.com/cert1.pem','r') error:2006D080:BIO routines:BIO_new_file:no such file)
2020/07/06 05:36:20 [emerg] 1#1: cannot load certificate "/etc/ssl/nginx/jellyfin.mywebsite.com/cert1.pem": BIO_new_file() failed (SSL: error:02001002:system library:fopen:No such file or directory:fopen('/etc/ssl/nginx/jellyfin.mywebsite.com/cert1.pem','r') error:2006D080:BIO routines:BIO_new_file:no such file)
2020/07/06 05:36:21 [emerg] 1#1: cannot load certificate "/etc/ssl/nginx/jellyfin.mywebsite.com/cert1.pem": BIO_new_file() failed (SSL: error:02001002:system library:fopen:No such file or directory:fopen('/etc/ssl/nginx/jellyfin.mywebsite.com/cert1.pem','r') error:2006D080:BIO routines:BIO_new_file:no such file)
2020/07/06 05:36:22 [emerg] 1#1: cannot load certificate "/etc/ssl/nginx/jellyfin.mywebsite.com/cert1.pem": BIO_new_file() failed (SSL: error:02001002:system library:fopen:No such file or directory:fopen('/etc/ssl/nginx/jellyfin.mywebsite.com/cert1.pem','r') error:2006D080:BIO routines:BIO_new_file:no such file)
2020/07/06 05:36:24 [emerg] 1#1: cannot load certificate "/etc/ssl/nginx/jellyfin.mywebsite.com/cert1.pem": BIO_new_file() failed (SSL: error:02001002:system library:fopen:No such file or directory:fopen('/etc/ssl/nginx/jellyfin.mywebsite.com/cert1.pem','r') error:2006D080:BIO routines:BIO_new_file:no such file)
2020/07/06 05:36:28 [emerg] 1#1: cannot load certificate "/etc/ssl/nginx/jellyfin.mywebsite.com/cert1.pem": BIO_new_file() failed (SSL: error:02001002:system library:fopen:No such file or directory:fopen('/etc/ssl/nginx/jellyfin.mywebsite.com/cert1.pem','r') error:2006D080:BIO routines:BIO_new_file:no such file)
2020/07/06 05:36:35 [emerg] 1#1: cannot load certificate "/etc/ssl/nginx/jellyfin.mywebsite.com/cert1.pem": BIO_new_file() failed (SSL: error:02001002:system library:fopen:No such file or directory:fopen('/etc/ssl/nginx/jellyfin.mywebsite.com/cert1.pem','r') error:2006D080:BIO routines:BIO_new_file:no such file)
2020/07/06 05:36:48 [emerg] 1#1: cannot load certificate "/etc/ssl/nginx/jellyfin.mywebsite.com/cert1.pem": BIO_new_file() failed (SSL: error:02001002:system library:fopen:No such file or directory:fopen('/etc/ssl/nginx/jellyfin.mywebsite.com/cert1.pem','r') error:2006D080:BIO routines:BIO_new_file:no such file)
2020/07/06 05:37:14 [emerg] 1#1: cannot load certificate "/etc/ssl/nginx/jellyfin.mywebsite.com/cert1.pem": BIO_new_file() failed (SSL: error:02001002:system library:fopen:No such file or directory:fopen('/etc/ssl/nginx/jellyfin.mywebsite.com/cert1.pem','r') error:2006D080:BIO routines:BIO_new_file:no such file)
2020/07/06 05:38:06 [emerg] 1#1: cannot load certificate "/etc/ssl/nginx/jellyfin.mywebsite.com/cert1.pem": BIO_new_file() failed (SSL: error:02001002:system library:fopen:No such file or directory:fopen('/etc/ssl/nginx/jellyfin.mywebsite.com/cert1.pem','r') error:2006D080:BIO routines:BIO_new_file:no such file)
2020/07/06 05:38:49 [emerg] 1#1: cannot load certificate key "/etc/ssl/nginx/privkey1.pem": PEM_read_bio_PrivateKey() failed (SSL: error:2807106B:UI routines:UI_process:processing error:while reading strings error:0906406D:PEM routines:PEM_def_callback:problems getting password error:0907B068:PEM routines:PEM_read_bio_PrivateKey:bad password read)
2020/07/06 05:38:49 [emerg] 1#1: cannot load certificate key "/etc/ssl/nginx/privkey1.pem": PEM_read_bio_PrivateKey() failed (SSL: error:2807106B:UI routines:UI_process:processing error:while reading strings error:0906406D:PEM routines:PEM_def_callback:problems getting password error:0907B068:PEM routines:PEM_read_bio_PrivateKey:bad password read)
2020/07/06 05:38:50 [emerg] 1#1: cannot load certificate key "/etc/ssl/nginx/privkey1.pem": PEM_read_bio_PrivateKey() failed (SSL: error:2807106B:UI routines:UI_process:processing error:while reading strings error:0906406D:PEM routines:PEM_def_callback:problems getting password error:0907B068:PEM routines:PEM_read_bio_PrivateKey:bad password read)
2020/07/06 05:38:51 [emerg] 1#1: cannot load certificate key "/etc/ssl/nginx/privkey1.pem": PEM_read_bio_PrivateKey() failed (SSL: error:2807106B:UI routines:UI_process:processing error:while reading strings error:0906406D:PEM routines:PEM_def_callback:problems getting password error:0907B068:PEM routines:PEM_read_bio_PrivateKey:bad password read)
2020/07/06 05:38:52 [emerg] 1#1: cannot load certificate key "/etc/ssl/nginx/privkey1.pem": PEM_read_bio_PrivateKey() failed (SSL: error:2807106B:UI routines:UI_process:processing error:while reading strings error:0906406D:PEM routines:PEM_def_callback:problems getting password error:0907B068:PEM routines:PEM_read_bio_PrivateKey:bad password read)
2020/07/06 05:38:54 [emerg] 1#1: cannot load certificate key "/etc/ssl/nginx/privkey1.pem": PEM_read_bio_PrivateKey() failed (SSL: error:2807106B:UI routines:UI_process:processing error:while reading strings error:0906406D:PEM routines:PEM_def_callback:problems getting password error:0907B068:PEM routines:PEM_read_bio_PrivateKey:bad password read)
2020/07/06 05:38:58 [emerg] 1#1: cannot load certificate key "/etc/ssl/nginx/privkey1.pem": PEM_read_bio_PrivateKey() failed (SSL: error:2807106B:UI routines:UI_process:processing error:while reading strings error:0906406D:PEM routines:PEM_def_callback:problems getting password error:0907B068:PEM routines:PEM_read_bio_PrivateKey:bad password read)
2020/07/06 05:39:04 [emerg] 1#1: cannot load certificate key "/etc/ssl/nginx/privkey1.pem": PEM_read_bio_PrivateKey() failed (SSL: error:2807106B:UI routines:UI_process:processing error:while reading strings error:0906406D:PEM routines:PEM_def_callback:problems getting password error:0907B068:PEM routines:PEM_read_bio_PrivateKey:bad password read)
2020/07/06 05:39:18 [emerg] 1#1: cannot load certificate key "/etc/ssl/nginx/privkey1.pem": PEM_read_bio_PrivateKey() failed (SSL: error:2807106B:UI routines:UI_process:processing error:while reading strings error:0906406D:PEM routines:PEM_def_callback:problems getting password error:0907B068:PEM routines:PEM_read_bio_PrivateKey:bad password read)
2020/07/06 05:39:44 [emerg] 1#1: cannot load certificate key "/etc/ssl/nginx/privkey1.pem": PEM_read_bio_PrivateKey() failed (SSL: error:2807106B:UI routines:UI_process:processing error:while reading strings error:0906406D:PEM routines:PEM_def_callback:problems getting password error:0907B068:PEM routines:PEM_read_bio_PrivateKey:bad password read)
2020/07/06 05:40:28 [emerg] 1#1: no "events" section in configuration
2020/07/06 05:40:28 [emerg] 1#1: no "events" section in configuration
2020/07/06 05:40:29 [emerg] 1#1: no "events" section in configuration
2020/07/06 05:40:30 [emerg] 1#1: no "events" section in configuration
2020/07/06 05:40:31 [emerg] 1#1: no "events" section in configuration
2020/07/06 05:40:33 [emerg] 1#1: no "events" section in configuration
2020/07/06 05:40:37 [emerg] 1#1: no "events" section in configuration
2020/07/06 05:40:44 [emerg] 1#1: no "events" section in configuration
2020/07/06 05:40:57 [emerg] 1#1: no "events" section in configuration
2020/07/06 05:41:23 [emerg] 1#1: no "events" section in configuration
2020/07/06 05:44:27 [error] 19#19: *3 connect() failed (111: Connection refused) while connecting to upstream, client: 192.168.0.44, server: jellyfin.mywebsite.com, request: "GET / HTTP/2.0", upstream: "http://127.0.0.1:8096/", host: "jellyfin.mywebsite.com"
2020/07/06 05:44:27 [error] 19#19: *3 connect() failed (111: Connection refused) while connecting to upstream, client: 192.168.0.44, server: jellyfin.mywebsite.com, request: "GET / HTTP/2.0", upstream: "http://127.0.0.1:8096/", host: "jellyfin.mywebsite.com"
2020/07/06 05:44:27 [error] 19#19: *3 no live upstreams while connecting to upstream, client: 192.168.0.44, server: jellyfin.mywebsite.com, request: "GET /favicon.ico HTTP/2.0", upstream: "http://localhost/favicon.ico", host: "jellyfin.mywebsite.com"
